<?xml version="1.0" encoding="UTF-8"?>
<!-- Generated by org.testng.reporters.JUnitReportReporter -->
<testsuite hostname="U0135888-TPL-A" name="com.practice.selenium.Applicationfromfill" tests="1" failures="0" timestamp="21 Aug 2017 17:01:29 GMT" time="122.992" errors="0">
  <testcase name="Test1" time="122.992" classname="com.practice.selenium.Applicationfromfill"/>
</testsuite> <!-- com.practice.selenium.Applicationfromfill -->
