<?xml version="1.0" encoding="UTF-8"?>
<!-- Generated by org.testng.reporters.JUnitReportReporter -->
<testsuite hostname="U0135888-TPL-A" name="com.practice.selenium.Dragable" tests="1" failures="0" timestamp="22 Aug 2017 16:44:06 GMT" time="50.714" errors="0">
  <testcase name="Draggable1" time="50.714" classname="com.practice.selenium.Dragable"/>
</testsuite> <!-- com.practice.selenium.Dragable -->
