<?xml version="1.0" encoding="UTF-8"?>
<!-- Generated by org.testng.reporters.JUnitReportReporter -->
<testsuite hostname="U0135888-TPL-A" name="com.practice.selenium.Costco" tests="2" failures="0" timestamp="22 Aug 2017 16:44:06 GMT" time="149.714" errors="0">
  <testcase name="Costco1" time="57.251" classname="com.practice.selenium.Costco"/>
  <testcase name="applicationformfill" time="92.463" classname="com.practice.selenium.Costco"/>
</testsuite> <!-- com.practice.selenium.Costco -->
