<?xml version="1.0" encoding="UTF-8"?>
<!-- Generated by org.testng.reporters.JUnitReportReporter -->
<testsuite hostname="U0135888-TPL-A" name="Selniumexam.Applicationfromfill" tests="1" failures="0" timestamp="21 Aug 2017 16:46:13 GMT" time="92.603" errors="0">
  <testcase name="Test1" time="92.603" classname="Selniumexam.Applicationfromfill"/>
</testsuite> <!-- Selniumexam.Applicationfromfill -->
